Chef/app/build 2/intermediates/manifest_merge_blame_file/debug/manifest-merger-blame-debug-report.txt
1<?xml version="1.0" encoding="utf-8"?>
2<manifest xmlns:android="http://schemas.android.com/apk/res/android"
3    package="com.paul.chef"
4    android:versionCode="3"
5    android:versionName="1.2.0" >
6
7    <uses-sdk
8        android:minSdkVersion="30"
8-->src/main/AndroidManifest.xml
9        android:targetSdkVersion="32" />
9-->src/main/AndroidManifest.xml
10
11    <uses-permission android:name="android.permission.READ_EXTERNAL_STORAGE" />
11-->src/main/AndroidManifest.xml:4:5-80
11-->src/main/AndroidManifest.xml:4:22-77
12    <uses-permission android:name="android.permission.WRITE_EXTERNAL_STORAGE" />
12-->src/main/AndroidManifest.xml:5:5-81
12-->src/main/AndroidManifest.xml:5:22-78
13    <uses-permission android:name="android.permission.INTERNET" />
13-->src/main/AndroidManifest.xml:6:5-67
13-->src/main/AndroidManifest.xml:6:22-64
14    <uses-permission android:name="android.permission.ACCESS_COARSE_LOCATION" />
14-->src/main/AndroidManifest.xml:7:5-80
14-->src/main/AndroidManifest.xml:7:22-78
15    <uses-permission android:name="android.permission.ACCESS_FINE_LOCATION" />
15-->src/main/AndroidManifest.xml:8:5-78
15-->src/main/AndroidManifest.xml:8:22-76
16    <uses-permission android:name="android.permission.ACCESS_NETWORK_STATE" />
16-->[com.google.firebase:firebase-auth:21.0.3] AndroidManifest.xml:24:5-79
16-->[com.google.firebase:firebase-auth:21.0.3] AndroidManifest.xml:24:22-76
17    <uses-permission android:name="android.permission.ACCESS_WIFI_STATE" />
17-->[com.google.android.libraries.places:places:2.4.0] AndroidManifest.xml:10:5-76
17-->[com.google.android.libraries.places:places:2.4.0] AndroidManifest.xml:10:22-73
18
19    <uses-feature
19-->[com.google.android.gms:play-services-maps:18.0.2] AndroidManifest.xml:26:5-28:35
20        android:glEsVersion="0x00020000"
20-->[com.google.android.gms:play-services-maps:18.0.2] AndroidManifest.xml:27:9-41
21        android:required="true" />
21-->[com.google.android.gms:play-services-maps:18.0.2] AndroidManifest.xml:28:9-32
22
23    <queries>
23-->[com.google.android.gms:play-services-maps:18.0.2] AndroidManifest.xml:30:5-34:15
24
25        <!-- Needs to be explicitly declared on Android R+ -->
26        <package android:name="com.google.android.apps.maps" />
26-->[com.google.android.gms:play-services-maps:18.0.2] AndroidManifest.xml:33:9-64
26-->[com.google.android.gms:play-services-maps:18.0.2] AndroidManifest.xml:33:18-61
27    </queries>
28
29    <uses-permission android:name="android.permission.WAKE_LOCK" />
29-->[com.google.android.gms:play-services-measurement-api:20.1.2] AndroidManifest.xml:24:5-68
29-->[com.google.android.gms:play-services-measurement-api:20.1.2] AndroidManifest.xml:24:22-65
30    <uses-permission android:name="com.google.android.gms.permission.AD_ID" />
30-->[com.google.android.gms:play-services-measurement-api:20.1.2] AndroidManifest.xml:25:5-79
30-->[com.google.android.gms:play-services-measurement-api:20.1.2] AndroidManifest.xml:25:22-76
31    <uses-permission android:name="com.google.android.finsky.permission.BIND_GET_INSTALL_REFERRER_SERVICE" />
31-->[com.google.android.gms:play-services-measurement:20.1.2] AndroidManifest.xml:26:5-110
31-->[com.google.android.gms:play-services-measurement:20.1.2] AndroidManifest.xml:26:22-107
32
33    <application
33-->src/main/AndroidManifest.xml:11:5-37:19
34        android:allowBackup="true"
34-->src/main/AndroidManifest.xml:12:9-35
35        android:appComponentFactory="androidx.core.app.CoreComponentFactory"
35-->[androidx.core:core:1.7.0] AndroidManifest.xml:24:18-86
36        android:debuggable="true"
37        android:extractNativeLibs="false"
38        android:icon="@mipmap/ic_launcher"
38-->src/main/AndroidManifest.xml:13:9-43
39        android:label="@string/app_name"
39-->src/main/AndroidManifest.xml:14:9-41
40        android:roundIcon="@mipmap/ic_launcher_round"
40-->src/main/AndroidManifest.xml:15:9-54
41        android:supportsRtl="true"
41-->src/main/AndroidManifest.xml:16:9-35
42        android:testOnly="true"
43        android:theme="@style/Theme.Chef" >
43-->src/main/AndroidManifest.xml:17:9-42
44        <activity
44-->src/main/AndroidManifest.xml:18:9-27:20
45            android:name="com.paul.chef.MainActivity"
45-->src/main/AndroidManifest.xml:19:13-41
46            android:exported="true"
46-->src/main/AndroidManifest.xml:20:13-36
47            android:label="@string/app_name" >
47-->src/main/AndroidManifest.xml:21:13-45
48            <intent-filter>
48-->src/main/AndroidManifest.xml:22:13-26:29
49                <action android:name="android.intent.action.MAIN" />
49-->src/main/AndroidManifest.xml:23:17-69
49-->src/main/AndroidManifest.xml:23:25-66
50
51                <category android:name="android.intent.category.LAUNCHER" />
51-->src/main/AndroidManifest.xml:25:17-77
51-->src/main/AndroidManifest.xml:25:27-74
52            </intent-filter>
53        </activity>
54
55        <meta-data
55-->src/main/AndroidManifest.xml:28:9-30:57
56            android:name="preloaded_fonts"
56-->src/main/AndroidManifest.xml:29:13-43
57            android:resource="@array/preloaded_fonts" />
57-->src/main/AndroidManifest.xml:30:13-54
58        <meta-data
59            android:name="com.google.android.geo.API_KEY"
59-->src/main/AndroidManifest.xml:32:13-58
60            android:value="AIzaSyDwTJj9BqkKq5jpPXrkTH6HmHZxUQPS9No" />
60-->src/main/AndroidManifest.xml:33:13-44
61        <meta-data
61-->src/main/AndroidManifest.xml:34:9-36:69
62            android:name="com.google.android.gms.version"
62-->src/main/AndroidManifest.xml:35:13-58
63            android:value="@integer/google_play_services_version" />
63-->src/main/AndroidManifest.xml:36:13-66
64
65        <service
65-->[com.google.firebase:firebase-auth-ktx:21.0.3] AndroidManifest.xml:8:9-14:19
66            android:name="com.google.firebase.components.ComponentDiscoveryService"
66-->[com.google.firebase:firebase-auth-ktx:21.0.3] AndroidManifest.xml:9:13-84
67            android:directBootAware="true"
67-->[com.google.firebase:firebase-common:20.1.0] AndroidManifest.xml:35:13-43
68            android:exported="false" >
68-->[com.google.firebase:firebase-auth-ktx:21.0.3] AndroidManifest.xml:10:13-37
69            <meta-data
69-->[com.google.firebase:firebase-auth-ktx:21.0.3] AndroidManifest.xml:11:13-13:85
70                android:name="com.google.firebase.components:com.google.firebase.auth.ktx.FirebaseAuthKtxRegistrar"
70-->[com.google.firebase:firebase-auth-ktx:21.0.3] AndroidManifest.xml:12:17-116
71                android:value="com.google.firebase.components.ComponentRegistrar" />
71-->[com.google.firebase:firebase-auth-ktx:21.0.3] AndroidManifest.xml:13:17-82
72            <meta-data
72-->[com.google.firebase:firebase-auth:21.0.3] AndroidManifest.xml:67:13-69:85
73                android:name="com.google.firebase.components:com.google.firebase.auth.FirebaseAuthRegistrar"
73-->[com.google.firebase:firebase-auth:21.0.3] AndroidManifest.xml:68:17-109
74                android:value="com.google.firebase.components.ComponentRegistrar" />
74-->[com.google.firebase:firebase-auth:21.0.3] AndroidManifest.xml:69:17-82
75            <meta-data
75-->[com.google.firebase:firebase-firestore:24.1.1] AndroidManifest.xml:20:13-22:85
76                android:name="com.google.firebase.components:com.google.firebase.firestore.FirestoreRegistrar"
76-->[com.google.firebase:firebase-firestore:24.1.1] AndroidManifest.xml:21:17-111
77                android:value="com.google.firebase.components.ComponentRegistrar" />
77-->[com.google.firebase:firebase-firestore:24.1.1] AndroidManifest.xml:22:17-82
78            <meta-data
78-->[com.google.firebase:firebase-storage-ktx:20.0.1] AndroidManifest.xml:15:13-17:85
79                android:name="com.google.firebase.components:com.google.firebase.storage.ktx.FirebaseStorageKtxRegistrar"
79-->[com.google.firebase:firebase-storage-ktx:20.0.1] AndroidManifest.xml:16:17-122
80                android:value="com.google.firebase.components.ComponentRegistrar" />
80-->[com.google.firebase:firebase-storage-ktx:20.0.1] AndroidManifest.xml:17:17-82
81            <meta-data
81-->[com.google.firebase:firebase-storage:20.0.1] AndroidManifest.xml:33:13-35:85
82                android:name="com.google.firebase.components:com.google.firebase.storage.StorageRegistrar"
82-->[com.google.firebase:firebase-storage:20.0.1] AndroidManifest.xml:34:17-107
83                android:value="com.google.firebase.components.ComponentRegistrar" />
83-->[com.google.firebase:firebase-storage:20.0.1] AndroidManifest.xml:35:17-82
84            <meta-data
84-->[com.google.firebase:firebase-analytics-ktx:20.1.1] AndroidManifest.xml:11:13-13:85
85                android:name="com.google.firebase.components:com.google.firebase.analytics.ktx.FirebaseAnalyticsKtxRegistrar"
85-->[com.google.firebase:firebase-analytics-ktx:20.1.1] AndroidManifest.xml:12:17-126
86                android:value="com.google.firebase.components.ComponentRegistrar" />
86-->[com.google.firebase:firebase-analytics-ktx:20.1.1] AndroidManifest.xml:13:17-82
87            <meta-data
87-->[com.google.firebase:firebase-common-ktx:20.1.0] AndroidManifest.xml:15:13-17:85
88                android:name="com.google.firebase.components:com.google.firebase.ktx.FirebaseCommonKtxRegistrar"
88-->[com.google.firebase:firebase-common-ktx:20.1.0] AndroidManifest.xml:16:17-113
89                android:value="com.google.firebase.components.ComponentRegistrar" />
89-->[com.google.firebase:firebase-common-ktx:20.1.0] AndroidManifest.xml:17:17-82
90            <meta-data
90-->[com.google.android.gms:play-services-measurement-api:20.1.2] AndroidManifest.xml:31:13-33:85
91                android:name="com.google.firebase.components:com.google.firebase.analytics.connector.internal.AnalyticsConnectorRegistrar"
91-->[com.google.android.gms:play-services-measurement-api:20.1.2] AndroidManifest.xml:32:17-139
92                android:value="com.google.firebase.components.ComponentRegistrar" />
92-->[com.google.android.gms:play-services-measurement-api:20.1.2] AndroidManifest.xml:33:17-82
93            <meta-data
93-->[com.google.firebase:firebase-installations:17.0.1] AndroidManifest.xml:18:13-20:85
94                android:name="com.google.firebase.components:com.google.firebase.installations.FirebaseInstallationsRegistrar"
94-->[com.google.firebase:firebase-installations:17.0.1] AndroidManifest.xml:19:17-127
95                android:value="com.google.firebase.components.ComponentRegistrar" />
95-->[com.google.firebase:firebase-installations:17.0.1] AndroidManifest.xml:20:17-82
96        </service>
97
98        <activity
98-->[com.google.firebase:firebase-auth:21.0.3] AndroidManifest.xml:27:9-44:20
99            android:name="com.google.firebase.auth.internal.GenericIdpActivity"
99-->[com.google.firebase:firebase-auth:21.0.3] AndroidManifest.xml:28:13-80
100            android:excludeFromRecents="true"
100-->[com.google.firebase:firebase-auth:21.0.3] AndroidManifest.xml:29:13-46
101            android:exported="true"
101-->[com.google.firebase:firebase-auth:21.0.3] AndroidManifest.xml:30:13-36
102            android:launchMode="singleTask"
102-->[com.google.firebase:firebase-auth:21.0.3] AndroidManifest.xml:31:13-44
103            android:theme="@android:style/Theme.Translucent.NoTitleBar" >
103-->[com.google.firebase:firebase-auth:21.0.3] AndroidManifest.xml:32:13-72
104            <intent-filter>
104-->[com.google.firebase:firebase-auth:21.0.3] AndroidManifest.xml:33:13-43:29
105                <action android:name="android.intent.action.VIEW" />
105-->[com.google.firebase:firebase-auth:21.0.3] AndroidManifest.xml:34:17-69
105-->[com.google.firebase:firebase-auth:21.0.3] AndroidManifest.xml:34:25-66
106
107                <category android:name="android.intent.category.DEFAULT" />
107-->[com.google.firebase:firebase-auth:21.0.3] AndroidManifest.xml:36:17-76
107-->[com.google.firebase:firebase-auth:21.0.3] AndroidManifest.xml:36:27-73
108                <category android:name="android.intent.category.BROWSABLE" />
108-->[com.google.firebase:firebase-auth:21.0.3] AndroidManifest.xml:37:17-78
108-->[com.google.firebase:firebase-auth:21.0.3] AndroidManifest.xml:37:27-75
109
110                <data
110-->[com.google.firebase:firebase-auth:21.0.3] AndroidManifest.xml:39:17-42:51
111                    android:host="firebase.auth"
111-->[com.google.firebase:firebase-auth:21.0.3] AndroidManifest.xml:40:21-49
112                    android:path="/"
112-->[com.google.firebase:firebase-auth:21.0.3] AndroidManifest.xml:41:21-37
113                    android:scheme="genericidp" />
113-->[com.google.firebase:firebase-auth:21.0.3] AndroidManifest.xml:42:21-48
114            </intent-filter>
115        </activity>
116        <activity
116-->[com.google.firebase:firebase-auth:21.0.3] AndroidManifest.xml:45:9-62:20
117            android:name="com.google.firebase.auth.internal.RecaptchaActivity"
117-->[com.google.firebase:firebase-auth:21.0.3] AndroidManifest.xml:46:13-79
118            android:excludeFromRecents="true"
118-->[com.google.firebase:firebase-auth:21.0.3] AndroidManifest.xml:47:13-46
119            android:exported="true"
119-->[com.google.firebase:firebase-auth:21.0.3] AndroidManifest.xml:48:13-36
120            android:launchMode="singleTask"
120-->[com.google.firebase:firebase-auth:21.0.3] AndroidManifest.xml:49:13-44
121            android:theme="@android:style/Theme.Translucent.NoTitleBar" >
121-->[com.google.firebase:firebase-auth:21.0.3] AndroidManifest.xml:50:13-72
122            <intent-filter>
122-->[com.google.firebase:firebase-auth:21.0.3] AndroidManifest.xml:51:13-61:29
123                <action android:name="android.intent.action.VIEW" />
123-->[com.google.firebase:firebase-auth:21.0.3] AndroidManifest.xml:34:17-69
123-->[com.google.firebase:firebase-auth:21.0.3] AndroidManifest.xml:34:25-66
124
125                <category android:name="android.intent.category.DEFAULT" />
125-->[com.google.firebase:firebase-auth:21.0.3] AndroidManifest.xml:36:17-76
125-->[com.google.firebase:firebase-auth:21.0.3] AndroidManifest.xml:36:27-73
126                <category android:name="android.intent.category.BROWSABLE" />
126-->[com.google.firebase:firebase-auth:21.0.3] AndroidManifest.xml:37:17-78
126-->[com.google.firebase:firebase-auth:21.0.3] AndroidManifest.xml:37:27-75
127
128                <data
128-->[com.google.firebase:firebase-auth:21.0.3] AndroidManifest.xml:39:17-42:51
129                    android:host="firebase.auth"
129-->[com.google.firebase:firebase-auth:21.0.3] AndroidManifest.xml:40:21-49
130                    android:path="/"
130-->[com.google.firebase:firebase-auth:21.0.3] AndroidManifest.xml:41:21-37
131                    android:scheme="recaptcha" />
131-->[com.google.firebase:firebase-auth:21.0.3] AndroidManifest.xml:42:21-48
132            </intent-filter>
133        </activity>
134
135        <uses-library
135-->[androidx.window:window:1.0.0] AndroidManifest.xml:25:9-27:40
136            android:name="androidx.window.extensions"
136-->[androidx.window:window:1.0.0] AndroidManifest.xml:26:13-54
137            android:required="false" />
137-->[androidx.window:window:1.0.0] AndroidManifest.xml:27:13-37
138        <uses-library
138-->[androidx.window:window:1.0.0] AndroidManifest.xml:28:9-30:40
139            android:name="androidx.window.sidecar"
139-->[androidx.window:window:1.0.0] AndroidManifest.xml:29:13-51
140            android:required="false" />
140-->[androidx.window:window:1.0.0] AndroidManifest.xml:30:13-37
141
142        <activity
142-->[com.google.android.libraries.places:places:2.4.0] AndroidManifest.xml:14:9-20:20
143            android:name="com.google.android.libraries.places.widget.AutocompleteActivity"
143-->[com.google.android.libraries.places:places:2.4.0] AndroidManifest.xml:15:13-91
144            android:exported="false"
144-->[com.google.android.libraries.places:places:2.4.0] AndroidManifest.xml:16:13-37
145            android:label="@string/places_autocomplete_label"
145-->[com.google.android.libraries.places:places:2.4.0] AndroidManifest.xml:17:13-62
146            android:theme="@style/PlacesAutocompleteOverlay"
146-->[com.google.android.libraries.places:places:2.4.0] AndroidManifest.xml:18:13-61
147            android:windowSoftInputMode="adjustResize" >
147-->[com.google.android.libraries.places:places:2.4.0] AndroidManifest.xml:19:13-55
148        </activity>
149        <activity
149-->[com.google.android.gms:play-services-auth:20.2.0] AndroidManifest.xml:23:9-27:75
150            android:name="com.google.android.gms.auth.api.signin.internal.SignInHubActivity"
150-->[com.google.android.gms:play-services-auth:20.2.0] AndroidManifest.xml:24:13-93
151            android:excludeFromRecents="true"
151-->[com.google.android.gms:play-services-auth:20.2.0] AndroidManifest.xml:25:13-46
152            android:exported="false"
152-->[com.google.android.gms:play-services-auth:20.2.0] AndroidManifest.xml:26:13-37
153            android:theme="@android:style/Theme.Translucent.NoTitleBar" />
153-->[com.google.android.gms:play-services-auth:20.2.0] AndroidManifest.xml:27:13-72
154        <!--
155            Service handling Google Sign-In user revocation. For apps that do not integrate with
156            Google Sign-In, this service will never be started.
157        -->
158        <service
158-->[com.google.android.gms:play-services-auth:20.2.0] AndroidManifest.xml:33:9-37:51
159            android:name="com.google.android.gms.auth.api.signin.RevocationBoundService"
159-->[com.google.android.gms:play-services-auth:20.2.0] AndroidManifest.xml:34:13-89
160            android:exported="true"
160-->[com.google.android.gms:play-services-auth:20.2.0] AndroidManifest.xml:35:13-36
161            android:permission="com.google.android.gms.auth.api.signin.permission.REVOCATION_NOTIFICATION"
161-->[com.google.android.gms:play-services-auth:20.2.0] AndroidManifest.xml:36:13-107
162            android:visibleToInstantApps="true" /> <!-- Needs to be explicitly declared on P+ -->
162-->[com.google.android.gms:play-services-auth:20.2.0] AndroidManifest.xml:37:13-48
163        <uses-library
163-->[com.google.android.gms:play-services-maps:18.0.2] AndroidManifest.xml:39:9-41:40
164            android:name="org.apache.http.legacy"
164-->[com.google.android.gms:play-services-maps:18.0.2] AndroidManifest.xml:40:13-50
165            android:required="false" />
165-->[com.google.android.gms:play-services-maps:18.0.2] AndroidManifest.xml:41:13-37
166
167        <activity
167-->[com.google.android.gms:play-services-base:18.0.1] AndroidManifest.xml:20:9-22:45
168            android:name="com.google.android.gms.common.api.GoogleApiActivity"
168-->[com.google.android.gms:play-services-base:18.0.1] AndroidManifest.xml:20:19-85
169            android:exported="false"
169-->[com.google.android.gms:play-services-base:18.0.1] AndroidManifest.xml:22:19-43
170            android:theme="@android:style/Theme.Translucent.NoTitleBar" />
170-->[com.google.android.gms:play-services-base:18.0.1] AndroidManifest.xml:21:19-78
171
172        <provider
172-->[com.google.firebase:firebase-common:20.1.0] AndroidManifest.xml:26:9-31:39
173            android:name="com.google.firebase.provider.FirebaseInitProvider"
173-->[com.google.firebase:firebase-common:20.1.0] AndroidManifest.xml:27:13-77
174            android:authorities="com.paul.chef.firebaseinitprovider"
174-->[com.google.firebase:firebase-common:20.1.0] AndroidManifest.xml:28:13-72
175            android:directBootAware="true"
175-->[com.google.firebase:firebase-common:20.1.0] AndroidManifest.xml:29:13-43
176            android:exported="false"
176-->[com.google.firebase:firebase-common:20.1.0] AndroidManifest.xml:30:13-37
177            android:initOrder="100" />
177-->[com.google.firebase:firebase-common:20.1.0] AndroidManifest.xml:31:13-36
178
179        <receiver
179-->[com.google.android.gms:play-services-measurement:20.1.2] AndroidManifest.xml:29:9-33:20
180            android:name="com.google.android.gms.measurement.AppMeasurementReceiver"
180-->[com.google.android.gms:play-services-measurement:20.1.2] AndroidManifest.xml:30:13-85
181            android:enabled="true"
181-->[com.google.android.gms:play-services-measurement:20.1.2] AndroidManifest.xml:31:13-35
182            android:exported="false" >
182-->[com.google.android.gms:play-services-measurement:20.1.2] AndroidManifest.xml:32:13-37
183        </receiver>
184
185        <service
185-->[com.google.android.gms:play-services-measurement:20.1.2] AndroidManifest.xml:35:9-38:40
186            android:name="com.google.android.gms.measurement.AppMeasurementService"
186-->[com.google.android.gms:play-services-measurement:20.1.2] AndroidManifest.xml:36:13-84
187            android:enabled="true"
187-->[com.google.android.gms:play-services-measurement:20.1.2] AndroidManifest.xml:37:13-35
188            android:exported="false" />
188-->[com.google.android.gms:play-services-measurement:20.1.2] AndroidManifest.xml:38:13-37
189        <service
189-->[com.google.android.gms:play-services-measurement:20.1.2] AndroidManifest.xml:39:9-43:72
190            android:name="com.google.android.gms.measurement.AppMeasurementJobService"
190-->[com.google.android.gms:play-services-measurement:20.1.2] AndroidManifest.xml:40:13-87
191            android:enabled="true"
191-->[com.google.android.gms:play-services-measurement:20.1.2] AndroidManifest.xml:41:13-35
192            android:exported="false"
192-->[com.google.android.gms:play-services-measurement:20.1.2] AndroidManifest.xml:42:13-37
193            android:permission="android.permission.BIND_JOB_SERVICE" />
193-->[com.google.android.gms:play-services-measurement:20.1.2] AndroidManifest.xml:43:13-69
194
195        <provider
195-->[androidx.emoji2:emoji2:1.0.0] AndroidManifest.xml:26:9-34:20
196            android:name="androidx.startup.InitializationProvider"
196-->[androidx.emoji2:emoji2:1.0.0] AndroidManifest.xml:27:13-67
197            android:authorities="com.paul.chef.androidx-startup"
197-->[androidx.emoji2:emoji2:1.0.0] AndroidManifest.xml:28:13-68
198            android:exported="false" >
198-->[androidx.emoji2:emoji2:1.0.0] AndroidManifest.xml:29:13-37
199            <meta-data
199-->[androidx.emoji2:emoji2:1.0.0] AndroidManifest.xml:31:13-33:52
200                android:name="androidx.emoji2.text.EmojiCompatInitializer"
200-->[androidx.emoji2:emoji2:1.0.0] AndroidManifest.xml:32:17-75
201                android:value="androidx.startup" />
201-->[androidx.emoji2:emoji2:1.0.0] AndroidManifest.xml:33:17-49
202            <meta-data
202-->[androidx.lifecycle:lifecycle-process:2.4.0] AndroidManifest.xml:31:13-33:52
203                android:name="androidx.lifecycle.ProcessLifecycleInitializer"
203-->[androidx.lifecycle:lifecycle-process:2.4.0] AndroidManifest.xml:32:17-78
204                android:value="androidx.startup" />
204-->[androidx.lifecycle:lifecycle-process:2.4.0] AndroidManifest.xml:33:17-49
205        </provider>
206
207        <service
207-->[com.google.android.datatransport:transport-backend-cct:2.3.0] AndroidManifest.xml:29:9-35:19
208            android:name="com.google.android.datatransport.runtime.backends.TransportBackendDiscovery"
208-->[com.google.android.datatransport:transport-backend-cct:2.3.0] AndroidManifest.xml:30:13-103
209            android:exported="false" >
209-->[com.google.android.datatransport:transport-backend-cct:2.3.0] AndroidManifest.xml:31:13-37
210            <meta-data
210-->[com.google.android.datatransport:transport-backend-cct:2.3.0] AndroidManifest.xml:32:13-34:39
211                android:name="backend:com.google.android.datatransport.cct.CctBackendFactory"
211-->[com.google.android.datatransport:transport-backend-cct:2.3.0] AndroidManifest.xml:33:17-94
212                android:value="cct" />
212-->[com.google.android.datatransport:transport-backend-cct:2.3.0] AndroidManifest.xml:34:17-36
213        </service>
214        <service
214-->[com.google.android.datatransport:transport-runtime:2.2.3] AndroidManifest.xml:26:9-30:19
215            android:name="com.google.android.datatransport.runtime.scheduling.jobscheduling.JobInfoSchedulerService"
215-->[com.google.android.datatransport:transport-runtime:2.2.3] AndroidManifest.xml:27:13-117
216            android:exported="false"
216-->[com.google.android.datatransport:transport-runtime:2.2.3] AndroidManifest.xml:28:13-37
217            android:permission="android.permission.BIND_JOB_SERVICE" >
217-->[com.google.android.datatransport:transport-runtime:2.2.3] AndroidManifest.xml:29:13-69
218        </service>
219
220        <receiver
220-->[com.google.android.datatransport:transport-runtime:2.2.3] AndroidManifest.xml:32:9-34:40
221            android:name="com.google.android.datatransport.runtime.scheduling.jobscheduling.AlarmManagerSchedulerBroadcastReceiver"
221-->[com.google.android.datatransport:transport-runtime:2.2.3] AndroidManifest.xml:33:13-132
222            android:exported="false" />
222-->[com.google.android.datatransport:transport-runtime:2.2.3] AndroidManifest.xml:34:13-37
223    </application>
224
225</manifest>